{
  "RSpec": {
    "coverage": {
      "/Users/Guest/Desktop/daycare_hub/spec/controllers/additionals_controller_spec.rb": [
        1,
        null,
        1,
        null,
        null
      ],
      "/Users/Guest/Desktop/daycare_hub/spec/rails_helper.rb": [
        null,
        1,
        1,
        null,
        1,
        1,
        1,
        1,
        1,
        1,
        1,
        1,
        null,
        null,
        1,
        1,
        1,
        null,
        null,
        null,
        null,
        null,
        null,
        null,
        null,
        null,
        null,
        null,
        null,
        null,
        null,
        null,
        null,
        null,
        null,
        null,
        null,
        1,
        null,
        1,
        null,
        1,
        null,
        null,
        null,
        null,
        null,
        1,
        1,
        null,
        null,
        1,
        69,
        69,
        null,
        null,
        null,
        null,
        null,
        null,
        null,
        null,
        null,
        null,
        null,
        null,
        null,
        null,
        null,
        1,
        null,
        1,
        1,
        1,
        null,
        null,
        null,
        1,
        1,
        1,
        1,
        null,
        null
      ],
      "/Users/Guest/Desktop/daycare_hub/config/environment.rb": [
        null,
        1,
        null,
        null,
        1
      ],
      "/Users/Guest/Desktop/daycare_hub/config/application.rb": [
        1,
        null,
        1,
        null,
        1,
        1,
        1,
        1,
        1,
        1,
        1,
        null,
        null,
        null,
        null,
        1,
        null,
        1,
        1,
        null,
        null,
        null,
        null,
        null,
        null,
        null,
        null,
        null,
        null,
        null,
        null,
        null,
        1,
        null,
        null
      ],
      "/Users/Guest/Desktop/daycare_hub/config/boot.rb": [
        1,
        null,
        1
      ],
      "/Users/Guest/Desktop/daycare_hub/config/environments/test.rb": [
        1,
        null,
        null,
        null,
        null,
        null,
        null,
        1,
        null,
        null,
        null,
        null,
        1,
        null,
        null,
        1,
        1,
        null,
        null,
        1,
        1,
        null,
        null,
        1,
        null,
        null,
        1,
        null,
        null,
        null,
        null,
        1,
        null,
        null,
        1,
        null,
        null,
        1,
        null,
        null,
        null,
        1,
        null
      ],
      "/Users/Guest/Desktop/daycare_hub/config/initializers/assets.rb": [
        null,
        null,
        null,
        1,
        null,
        null,
        null,
        null,
        null,
        null,
        null,
        1
      ],
      "/Users/Guest/Desktop/daycare_hub/config/initializers/backtrace_silencers.rb": [
        null,
        null,
        null,
        null,
        null,
        null,
        null
      ],
      "/Users/Guest/Desktop/daycare_hub/config/initializers/cookies_serializer.rb": [
        null,
        null,
        1
      ],
      "/Users/Guest/Desktop/daycare_hub/config/initializers/devise.rb": [
        null,
        null,
        1,
        null,
        null,
        null,
        null,
        null,
        null,
        null,
        null,
        null,
        null,
        null,
        1,
        null,
        null,
        null,
        null,
        null,
        null,
        null,
        null,
        1,
        null,
        null,
        null,
        null,
        null,
        null,
        null,
        null,
        null,
        null,
        null,
        null,
        null,
        null,
        null,
        null,
        null,
        null,
        null,
        null,
        null,
        1,
        null,
        null,
        null,
        null,
        1,
        null,
        null,
        null,
        null,
        null,
        null,
        null,
        null,
        null,
        null,
        null,
        null,
        null,
        null,
        null,
        null,
        null,
        null,
        null,
        null,
        null,
        null,
        null,
        null,
        null,
        null,
        null,
        null,
        null,
        null,
        1,
        null,
        null,
        null,
        null,
        null,
        null,
        null,
        null,
        null,
        null,
        null,
        null,
        null,
        null,
        null,
        null,
        1,
        null,
        null,
        null,
        null,
        null,
        null,
        null,
        null,
        null,
        null,
        null,
        null,
        null,
        null,
        null,
        null,
        null,
        null,
        null,
        null,
        null,
        null,
        null,
        null,
        1,
        null,
        null,
        null,
        null,
        null,
        null,
        null,
        null,
        null,
        1,
        null,
        null,
        null,
        null,
        null,
        null,
        null,
        null,
        null,
        null,
        1,
        null,
        null,
        null,
        null,
        null,
        null,
        null,
        null,
        null,
        null,
        null,
        null,
        null,
        null,
        null,
        null,
        null,
        null,
        null,
        null,
        null,
        null,
        null,
        null,
        null,
        null,
        null,
        null,
        null,
        null,
        null,
        null,
        null,
        null,
        null,
        null,
        null,
        null,
        null,
        null,
        null,
        null,
        null,
        null,
        null,
        1,
        null,
        null,
        null,
        null,
        null,
        null,
        null,
        null,
        null,
        null,
        null,
        null,
        null,
        null,
        null,
        null,
        null,
        null,
        null,
        null,
        null,
        null,
        null,
        null,
        null,
        null,
        null,
        null,
        null,
        null,
        null,
        null,
        null,
        null,
        null,
        null,
        null,
        null,
        null,
        null,
        null,
        1,
        null,
        null,
        null,
        null,
        null,
        null,
        null,
        null,
        null,
        null,
        null,
        null,
        null,
        null,
        null,
        null,
        null,
        null,
        null,
        null,
        null,
        null,
        null,
        null,
        null,
        null,
        null,
        null,
        1,
        1,
        1,
        1,
        null,
        1,
        null
      ],
      "/Users/Guest/Desktop/daycare_hub/config/initializers/filter_parameter_logging.rb": [
        null,
        null,
        null,
        1
      ],
      "/Users/Guest/Desktop/daycare_hub/config/initializers/inflections.rb": [
        null,
        null,
        null,
        null,
        null,
        null,
        null,
        null,
        null,
        null,
        null,
        null,
        null,
        null,
        null,
        null
      ],
      "/Users/Guest/Desktop/daycare_hub/config/initializers/mime_types.rb": [
        null,
        null,
        null,
        null
      ],
      "/Users/Guest/Desktop/daycare_hub/config/initializers/session_store.rb": [
        null,
        null,
        1
      ],
      "/Users/Guest/Desktop/daycare_hub/config/initializers/wrap_parameters.rb": [
        null,
        null,
        null,
        null,
        null,
        null,
        1,
        1,
        null,
        null,
        null,
        null,
        null,
        null
      ],
      "/Users/Guest/Desktop/daycare_hub/spec/factories/additionals.rb": [
        1,
        1,
        null,
        null,
        null,
        null
      ],
      "/Users/Guest/Desktop/daycare_hub/spec/factories/addresses.rb": [
        1,
        1,
        1,
        1,
        1,
        1,
        1,
        null,
        null
      ],
      "/Users/Guest/Desktop/daycare_hub/spec/factories/certifications.rb": [
        1,
        1,
        null,
        null,
        null,
        null
      ],
      "/Users/Guest/Desktop/daycare_hub/spec/factories/contacts.rb": [
        1,
        1,
        1,
        1,
        null,
        null
      ],
      "/Users/Guest/Desktop/daycare_hub/spec/factories/daycares.rb": [
        1,
        1,
        1,
        1,
        1,
        null,
        null
      ],
      "/Users/Guest/Desktop/daycare_hub/spec/factories/images.rb": [
        1,
        1,
        null,
        null,
        null,
        null
      ],
      "/Users/Guest/Desktop/daycare_hub/spec/factories/programs.rb": [
        1,
        1,
        1,
        1,
        null,
        null,
        null
      ],
      "/Users/Guest/Desktop/daycare_hub/spec/factories/summaries.rb": [
        1,
        1,
        1,
        null,
        null,
        null
      ],
      "/Users/Guest/Desktop/daycare_hub/spec/factories/teachers.rb": [
        1,
        1,
        1,
        1,
        null,
        null
      ],
      "/Users/Guest/Desktop/daycare_hub/spec/factories/users.rb": [
        1,
        1,
        1,
        1,
        1,
        null,
        null,
        null
      ],
      "/Users/Guest/Desktop/daycare_hub/config/routes.rb": [
        1,
        null,
        1,
        null,
        1,
        null,
        1,
        1,
        null,
        null,
        1,
        1,
        2,
        null,
        null,
        null,
        1,
        1,
        null,
        null,
        1,
        1,
        null,
        null,
        1,
        1,
        null,
        null,
        1,
        1,
        2,
        null,
        null,
        null,
        1,
        1,
        2,
        null,
        null,
        null,
        1,
        1,
        2,
        null,
        null,
        null,
        1,
        1,
        2,
        null,
        null,
        null,
        null,
        1,
        null,
        null,
        null,
        null,
        null,
        null,
        null,
        null,
        null,
        null,
        null,
        null,
        null,
        null,
        null,
        null,
        null,
        null,
        null,
        null,
        null,
        null,
        null,
        null,
        null,
        null,
        null,
        null,
        null,
        null,
        null,
        null,
        null,
        null,
        null,
        null,
        null,
        null,
        null,
        null,
        null,
        null,
        null,
        null,
        null,
        null,
        null,
        null,
        null,
        null,
        null,
        null,
        null,
        null,
        null,
        null
      ],
      "/Users/Guest/Desktop/daycare_hub/app/models/user.rb": [
        1,
        1,
        null,
        1,
        null,
        null,
        1,
        null,
        null,
        null,
        1,
        null,
        null,
        1,
        null,
        null,
        1,
        4,
        4,
        4,
        null,
        0,
        0,
        null,
        null,
        null,
        1,
        37,
        1,
        null,
        null,
        null
      ],
      "/Users/Guest/Desktop/daycare_hub/app/helpers/additionals_helper.rb": [
        1,
        null
      ],
      "/Users/Guest/Desktop/daycare_hub/app/helpers/addresses_helper.rb": [
        1,
        null
      ],
      "/Users/Guest/Desktop/daycare_hub/app/helpers/application_helper.rb": [
        1,
        null
      ],
      "/Users/Guest/Desktop/daycare_hub/app/helpers/certifications_helper.rb": [
        1,
        null
      ],
      "/Users/Guest/Desktop/daycare_hub/app/helpers/contacts_helper.rb": [
        1,
        null
      ],
      "/Users/Guest/Desktop/daycare_hub/app/helpers/daycares_helper.rb": [
        1,
        null
      ],
      "/Users/Guest/Desktop/daycare_hub/app/helpers/home_helper.rb": [
        1,
        null
      ],
      "/Users/Guest/Desktop/daycare_hub/app/helpers/images_helper.rb": [
        1,
        null
      ],
      "/Users/Guest/Desktop/daycare_hub/app/helpers/programs_helper.rb": [
        1,
        null
      ],
      "/Users/Guest/Desktop/daycare_hub/app/helpers/summaries_helper.rb": [
        1,
        null
      ],
      "/Users/Guest/Desktop/daycare_hub/app/helpers/teachers_helper.rb": [
        1,
        null
      ],
      "/Users/Guest/Desktop/daycare_hub/app/helpers/users_helper.rb": [
        1,
        null
      ],
      "/Users/Guest/Desktop/daycare_hub/app/controllers/additionals_controller.rb": [
        1,
        1,
        1,
        1,
        1,
        null,
        1,
        null,
        null,
        1,
        null,
        1,
        1,
        1,
        null,
        null,
        null,
        1,
        0,
        0,
        null,
        0,
        0,
        0,
        null,
        null,
        null,
        1,
        0,
        0,
        0,
        null,
        0,
        0,
        0,
        null,
        null,
        null,
        1,
        0,
        0,
        null,
        null,
        1,
        0,
        null,
        0,
        0,
        0,
        null,
        0,
        null,
        null,
        1,
        1,
        1,
        null,
        null
      ],
      "/Users/Guest/Desktop/daycare_hub/app/controllers/application_controller.rb": [
        1,
        1,
        null,
        null,
        1,
        null,
        1,
        null,
        1,
        15,
        17,
        13,
        null,
        null,
        1,
        5,
        4,
        null,
        1,
        1,
        null,
        null,
        null
      ],
      "/Users/Guest/Desktop/daycare_hub/spec/controllers/addresses_controller_spec.rb": [
        1,
        null,
        1,
        null,
        null
      ],
      "/Users/Guest/Desktop/daycare_hub/app/controllers/addresses_controller.rb": [
        1,
        1,
        1,
        1,
        1,
        null,
        null,
        1,
        null,
        1,
        1,
        1,
        null,
        null,
        null,
        null,
        1,
        1,
        1,
        null,
        1,
        null,
        1,
        1,
        1,
        null,
        null,
        null,
        null,
        1,
        1,
        2,
        null,
        null,
        null
      ],
      "/Users/Guest/Desktop/daycare_hub/spec/controllers/certifications_controller_spec.rb": [
        1,
        null,
        1,
        null,
        null
      ],
      "/Users/Guest/Desktop/daycare_hub/app/controllers/certifications_controller.rb": [
        1,
        1,
        0,
        0,
        0,
        null,
        0,
        null,
        null,
        0,
        null,
        0,
        0,
        0,
        null,
        null,
        null,
        1,
        0,
        0,
        null,
        null,
        1,
        1,
        0,
        null,
        null
      ],
      "/Users/Guest/Desktop/daycare_hub/spec/controllers/contacts_controller_spec.rb": [
        1,
        null,
        1,
        null,
        null
      ],
      "/Users/Guest/Desktop/daycare_hub/app/controllers/contacts_controller.rb": [
        1,
        null,
        1,
        1,
        1,
        1,
        null,
        1,
        null,
        1,
        1,
        1,
        null,
        null,
        null,
        1,
        1,
        1,
        null,
        1,
        null,
        1,
        1,
        1,
        null,
        null,
        null,
        1,
        1,
        2,
        null,
        null
      ],
      "/Users/Guest/Desktop/daycare_hub/spec/controllers/daycares_controller_spec.rb": [
        1,
        null,
        1,
        null,
        null
      ],
      "/Users/Guest/Desktop/daycare_hub/app/controllers/daycares_controller.rb": [
        1,
        1,
        null,
        1,
        24,
        null,
        24,
        21,
        null,
        3,
        null,
        null,
        24,
        22,
        null,
        2,
        null,
        null,
        24,
        22,
        null,
        2,
        null,
        null,
        24,
        22,
        22,
        null,
        2,
        2,
        2,
        null,
        null,
        24,
        21,
        21,
        null,
        3,
        null,
        null,
        24,
        21,
        21,
        null,
        3,
        null,
        null,
        24,
        24,
        24,
        null,
        0,
        null,
        null,
        24,
        23,
        23,
        null,
        1,
        null,
        null,
        null,
        1,
        5,
        null,
        null,
        1,
        1,
        1,
        1,
        null,
        1,
        1,
        1,
        1,
        null,
        null,
        null,
        null,
        1,
        23,
        null,
        23,
        22,
        null,
        1,
        null,
        null,
        23,
        21,
        null,
        2,
        null,
        null,
        23,
        21,
        null,
        2,
        null,
        null,
        23,
        0,
        null,
        23,
        null,
        23,
        null,
        23,
        3,
        null,
        20,
        null,
        23,
        null,
        23,
        0,
        null,
        23,
        null,
        23,
        null,
        23,
        3,
        null,
        20,
        null,
        23,
        null,
        23,
        0,
        null,
        23,
        null,
        23,
        null,
        23,
        23,
        23,
        null,
        null,
        null,
        1,
        1,
        1,
        1,
        null,
        1,
        null,
        1,
        1,
        1,
        null,
        null,
        null,
        1,
        1,
        2,
        null,
        null
      ],
      "/Users/Guest/Desktop/daycare_hub/spec/controllers/home_controller_spec.rb": [
        1,
        null,
        1,
        null,
        1,
        1,
        1,
        1,
        null,
        null,
        null,
        null
      ],
      "/Users/Guest/Desktop/daycare_hub/app/controllers/home_controller.rb": [
        1,
        1,
        null,
        null,
        1,
        3,
        3,
        null,
        3,
        null,
        3,
        3,
        3,
        3,
        3,
        0,
        null,
        3,
        null,
        3,
        null,
        3,
        3,
        3,
        null,
        null,
        null
      ],
      "/Users/Guest/Desktop/daycare_hub/spec/controllers/images_controller_spec.rb": [
        1,
        null,
        1,
        null,
        null
      ],
      "/Users/Guest/Desktop/daycare_hub/app/controllers/images_controller.rb": [
        1,
        1,
        3,
        3,
        3,
        null,
        3,
        3,
        null,
        null,
        3,
        null,
        3,
        3,
        3,
        null,
        null,
        null,
        1,
        1,
        1,
        null,
        1,
        1,
        1,
        null,
        null,
        null,
        1,
        1,
        1,
        1,
        null,
        1,
        1,
        1,
        null,
        null,
        null,
        1,
        1,
        1,
        null,
        null,
        1,
        0,
        null,
        0,
        0,
        0,
        null,
        0,
        null,
        null,
        1,
        1,
        4,
        null,
        null
      ],
      "/Users/Guest/Desktop/daycare_hub/spec/controllers/programs_controller_spec.rb": [
        1,
        null,
        1,
        null,
        null
      ],
      "/Users/Guest/Desktop/daycare_hub/app/controllers/programs_controller.rb": [
        1,
        1,
        1,
        1,
        1,
        null,
        1,
        null,
        null,
        1,
        null,
        1,
        1,
        1,
        null,
        null,
        null,
        1,
        2,
        2,
        null,
        2,
        2,
        2,
        null,
        null,
        null,
        1,
        2,
        2,
        2,
        null,
        2,
        2,
        2,
        null,
        null,
        null,
        1,
        2,
        1,
        null,
        null,
        1,
        1,
        null,
        1,
        2,
        2,
        null,
        1,
        null,
        null,
        1,
        1,
        3,
        null,
        null
      ],
      "/Users/Guest/Desktop/daycare_hub/spec/controllers/summaries_controller_spec.rb": [
        1,
        null,
        1,
        null,
        null
      ],
      "/Users/Guest/Desktop/daycare_hub/app/controllers/summaries_controller.rb": [
        1,
        1,
        1,
        1,
        1,
        null,
        1,
        null,
        1,
        1,
        1,
        null,
        null,
        null,
        1,
        1,
        1,
        null,
        1,
        null,
        1,
        1,
        1,
        null,
        null,
        null,
        1,
        1,
        1,
        1,
        null,
        1,
        null,
        1,
        1,
        1,
        null,
        null,
        null,
        null,
        1,
        1,
        2,
        null,
        null
      ],
      "/Users/Guest/Desktop/daycare_hub/spec/controllers/teachers_controller_spec.rb": [
        1,
        null,
        1,
        null,
        null
      ],
      "/Users/Guest/Desktop/daycare_hub/app/controllers/teachers_controller.rb": [
        1,
        null,
        1,
        1,
        1,
        1,
        null,
        1,
        null,
        null,
        1,
        null,
        1,
        1,
        1,
        null,
        null,
        null,
        1,
        2,
        2,
        null,
        2,
        2,
        2,
        null,
        null,
        null,
        1,
        2,
        2,
        null,
        2,
        2,
        2,
        2,
        null,
        null,
        null,
        1,
        2,
        1,
        null,
        null,
        1,
        1,
        null,
        1,
        2,
        2,
        null,
        1,
        null,
        null,
        1,
        1,
        3,
        null,
        null
      ],
      "/Users/Guest/Desktop/daycare_hub/spec/controllers/users_controller_spec.rb": [
        1,
        null,
        1,
        null,
        null
      ],
      "/Users/Guest/Desktop/daycare_hub/app/controllers/users_controller.rb": [
        1,
        null,
        null
      ],
      "/Users/Guest/Desktop/daycare_hub/spec/features/additional_spec.rb": [
        1,
        null,
        1,
        1,
        1,
        1,
        1,
        1,
        1,
        1,
        1,
        1,
        1,
        1,
        1,
        null,
        null
      ],
      "/Users/Guest/Desktop/daycare_hub/spec/features/address_spec.rb": [
        1,
        null,
        1,
        1,
        1,
        1,
        1,
        1,
        1,
        1,
        1,
        null,
        1,
        1,
        1,
        1,
        1,
        null,
        null,
        1,
        1,
        1,
        1,
        1,
        1,
        1,
        1,
        1,
        1,
        1,
        1,
        null,
        null
      ],
      "/Users/Guest/Desktop/daycare_hub/spec/features/authentication_spec.rb": [
        1,
        null,
        1,
        1,
        1,
        1,
        1,
        1,
        1,
        1,
        1,
        null,
        null,
        1,
        1,
        1,
        1,
        1,
        1,
        1,
        null,
        null,
        1,
        1,
        1,
        1,
        1,
        1,
        1,
        1,
        1,
        null,
        null,
        1,
        1,
        1,
        1,
        1,
        1,
        1,
        null,
        null,
        1,
        1,
        1,
        1,
        1,
        1,
        1,
        null,
        null
      ],
      "/Users/Guest/Desktop/daycare_hub/spec/features/contact_spec.rb": [
        1,
        null,
        1,
        1,
        1,
        1,
        1,
        1,
        1,
        1,
        1,
        1,
        1,
        1,
        1,
        null,
        null,
        1,
        1,
        1,
        1,
        1,
        1,
        1,
        1,
        1,
        1,
        1,
        1,
        1,
        null,
        null,
        null,
        null,
        null,
        null,
        null,
        null,
        null,
        null,
        null,
        null,
        null,
        null,
        null,
        null
      ],
      "/Users/Guest/Desktop/daycare_hub/spec/features/daycare_spec.rb": [
        1,
        null,
        1,
        1,
        1,
        1,
        1,
        1,
        1,
        1,
        1,
        null,
        null,
        null,
        null,
        null,
        null,
        null,
        null,
        null,
        null,
        null,
        null,
        null,
        1,
        1,
        1,
        1,
        1,
        1,
        1,
        1,
        1,
        null,
        null,
        null
      ],
      "/Users/Guest/Desktop/daycare_hub/spec/features/image_spec.rb": [
        1,
        1,
        null,
        1,
        1,
        1,
        1,
        1,
        1,
        1,
        1,
        1,
        1,
        1,
        1,
        1,
        1,
        null,
        null,
        1,
        1,
        1,
        1,
        1,
        1,
        1,
        1,
        1,
        1,
        1,
        null,
        null,
        1,
        1,
        1,
        1,
        1,
        1,
        1,
        1,
        1,
        1,
        1,
        1,
        1,
        1,
        1,
        1,
        null,
        null
      ],
      "/Users/Guest/Desktop/daycare_hub/spec/features/navbar_spec.rb": [
        1,
        null,
        1,
        1,
        1,
        1,
        1,
        1,
        1,
        1,
        1,
        null,
        null,
        1,
        1,
        1,
        1,
        1,
        1,
        1,
        1,
        1,
        null,
        null,
        1,
        1,
        1,
        1,
        1,
        1,
        1,
        null,
        null,
        1,
        1,
        1,
        1,
        1,
        1,
        1,
        1,
        null,
        null,
        1,
        1,
        1,
        1,
        1,
        1,
        1,
        1,
        null,
        null,
        1,
        1,
        1,
        1,
        1,
        1,
        1,
        1,
        null,
        null,
        1,
        1,
        1,
        1,
        1,
        1,
        1,
        1,
        1,
        null,
        null
      ],
      "/Users/Guest/Desktop/daycare_hub/spec/features/program_spec.rb": [
        1,
        null,
        1,
        1,
        1,
        1,
        1,
        1,
        1,
        1,
        1,
        1,
        1,
        1,
        1,
        null,
        null,
        1,
        1,
        1,
        1,
        1,
        1,
        1,
        1,
        null,
        1,
        1,
        1,
        1,
        1,
        1,
        null,
        null,
        1,
        1,
        1,
        1,
        1,
        1,
        1,
        1,
        1,
        1,
        1,
        1,
        1,
        1,
        1,
        1,
        1,
        1,
        1,
        null,
        null,
        1,
        1,
        1,
        1,
        1,
        1,
        1,
        1,
        1,
        2,
        null,
        null
      ],
      "/Users/Guest/Desktop/daycare_hub/spec/features/search_spec.rb": [
        1,
        null,
        1,
        1,
        1,
        1,
        1,
        1,
        1,
        1,
        1,
        1,
        null,
        1,
        1,
        1,
        1,
        null,
        null,
        1,
        1,
        1,
        1,
        1,
        1,
        null,
        null,
        1,
        1,
        1,
        1,
        1,
        1,
        1,
        null,
        null
      ],
      "/Users/Guest/Desktop/daycare_hub/spec/features/summary_spec.rb": [
        1,
        null,
        1,
        1,
        1,
        1,
        1,
        1,
        1,
        1,
        1,
        1,
        1,
        1,
        null,
        null,
        1,
        1,
        1,
        1,
        1,
        1,
        1,
        1,
        1,
        1,
        1,
        1,
        1,
        null,
        null,
        1,
        1,
        1,
        1,
        1,
        1,
        1,
        1,
        1,
        1,
        1,
        1,
        null,
        null
      ],
      "/Users/Guest/Desktop/daycare_hub/spec/features/teacher_spec.rb": [
        1,
        null,
        1,
        1,
        1,
        1,
        1,
        1,
        1,
        1,
        1,
        1,
        1,
        1,
        1,
        null,
        null,
        1,
        1,
        1,
        1,
        1,
        1,
        1,
        1,
        null,
        1,
        1,
        1,
        1,
        1,
        1,
        null,
        null,
        1,
        1,
        1,
        1,
        1,
        1,
        1,
        1,
        1,
        1,
        1,
        1,
        1,
        1,
        1,
        1,
        1,
        1,
        1,
        null,
        null,
        1,
        1,
        1,
        1,
        1,
        1,
        1,
        1,
        1,
        2,
        null,
        null
      ],
      "/Users/Guest/Desktop/daycare_hub/spec/helpers/additionals_helper_spec.rb": [
        1,
        null,
        null,
        null,
        null,
        null,
        null,
        null,
        null,
        null,
        null,
        null,
        1,
        null
      ],
      "/Users/Guest/Desktop/daycare_hub/spec/helpers/addresses_helper_spec.rb": [
        1,
        null,
        null,
        null,
        null,
        null,
        null,
        null,
        null,
        null,
        null,
        null,
        1,
        null
      ],
      "/Users/Guest/Desktop/daycare_hub/spec/helpers/certifications_helper_spec.rb": [
        1,
        null,
        null,
        null,
        null,
        null,
        null,
        null,
        null,
        null,
        null,
        null,
        1,
        null
      ],
      "/Users/Guest/Desktop/daycare_hub/spec/helpers/contacts_helper_spec.rb": [
        1,
        null,
        null,
        null,
        null,
        null,
        null,
        null,
        null,
        null,
        null,
        null,
        1,
        null
      ],
      "/Users/Guest/Desktop/daycare_hub/spec/helpers/daycares_helper_spec.rb": [
        1,
        null,
        null,
        null,
        null,
        null,
        null,
        null,
        null,
        null,
        null,
        null,
        1,
        null,
        null
      ],
      "/Users/Guest/Desktop/daycare_hub/spec/helpers/home_helper_spec.rb": [
        1,
        null,
        null,
        null,
        null,
        null,
        null,
        null,
        null,
        null,
        null,
        null,
        1,
        null
      ],
      "/Users/Guest/Desktop/daycare_hub/spec/helpers/images_helper_spec.rb": [
        1,
        null,
        null,
        null,
        null,
        null,
        null,
        null,
        null,
        null,
        null,
        null,
        1,
        null
      ],
      "/Users/Guest/Desktop/daycare_hub/spec/helpers/programs_helper_spec.rb": [
        1,
        null,
        null,
        null,
        null,
        null,
        null,
        null,
        null,
        null,
        null,
        null,
        1,
        null,
        null
      ],
      "/Users/Guest/Desktop/daycare_hub/spec/helpers/summaries_helper_spec.rb": [
        1,
        null,
        null,
        null,
        null,
        null,
        null,
        null,
        null,
        null,
        null,
        null,
        1,
        null
      ],
      "/Users/Guest/Desktop/daycare_hub/spec/helpers/teachers_helper_spec.rb": [
        1,
        null,
        null,
        null,
        null,
        null,
        null,
        null,
        null,
        null,
        null,
        null,
        1,
        null
      ],
      "/Users/Guest/Desktop/daycare_hub/spec/helpers/users_helper_spec.rb": [
        1,
        null,
        null,
        null,
        null,
        null,
        null,
        null,
        null,
        null,
        null,
        null,
        1,
        null
      ],
      "/Users/Guest/Desktop/daycare_hub/spec/models/additional_spec.rb": [
        1,
        null,
        1,
        2,
        null,
        2,
        2,
        null,
        null
      ],
      "/Users/Guest/Desktop/daycare_hub/app/models/additional.rb": [
        1,
        1,
        1,
        null,
        1,
        1,
        1,
        null,
        null,
        1,
        null
      ],
      "/Users/Guest/Desktop/daycare_hub/spec/models/address_spec.rb": [
        1,
        null,
        1,
        2,
        null,
        2,
        2,
        2,
        2,
        null
      ],
      "/Users/Guest/Desktop/daycare_hub/app/models/address.rb": [
        1,
        null,
        1,
        1,
        null,
        1,
        1,
        null,
        1,
        1,
        1,
        1,
        null,
        1,
        10,
        null,
        null
      ],
      "/Users/Guest/Desktop/daycare_hub/spec/models/certification_spec.rb": [
        1,
        null,
        1,
        2,
        null,
        2,
        null
      ],
      "/Users/Guest/Desktop/daycare_hub/app/models/certification.rb": [
        1,
        1,
        1,
        null,
        1,
        1,
        null,
        1,
        null
      ],
      "/Users/Guest/Desktop/daycare_hub/spec/models/contact_spec.rb": [
        1,
        null,
        1,
        2,
        null,
        2,
        2,
        null,
        null
      ],
      "/Users/Guest/Desktop/daycare_hub/app/models/contact.rb": [
        1,
        1,
        null,
        1,
        1,
        null
      ],
      "/Users/Guest/Desktop/daycare_hub/spec/models/daycare_spec.rb": [
        1,
        null,
        1,
        2,
        2,
        2,
        2,
        2,
        2,
        2,
        2,
        2,
        null,
        2,
        null
      ],
      "/Users/Guest/Desktop/daycare_hub/app/models/daycare.rb": [
        1,
        1,
        1,
        1,
        1,
        1,
        1,
        1,
        1,
        1,
        null,
        1,
        null
      ],
      "/Users/Guest/Desktop/daycare_hub/spec/models/image_spec.rb": [
        1,
        null,
        1,
        2,
        null
      ],
      "/Users/Guest/Desktop/daycare_hub/app/models/image.rb": [
        1,
        1,
        1,
        1,
        null,
        1,
        0,
        null,
        null
      ],
      "/Users/Guest/Desktop/daycare_hub/spec/models/program_spec.rb": [
        1,
        null,
        1,
        2,
        null,
        2,
        2,
        null
      ],
      "/Users/Guest/Desktop/daycare_hub/app/models/program.rb": [
        1,
        1,
        1,
        null,
        1,
        1,
        1,
        null,
        1,
        null
      ],
      "/Users/Guest/Desktop/daycare_hub/spec/models/summary_spec.rb": [
        1,
        null,
        1,
        2,
        null,
        2,
        null
      ],
      "/Users/Guest/Desktop/daycare_hub/app/models/summary.rb": [
        1,
        1,
        null,
        1,
        null,
        null
      ],
      "/Users/Guest/Desktop/daycare_hub/spec/models/teacher_spec.rb": [
        1,
        null,
        1,
        2,
        null,
        2,
        null
      ],
      "/Users/Guest/Desktop/daycare_hub/app/models/teacher.rb": [
        1,
        1,
        1,
        null,
        1,
        1,
        null,
        null,
        1,
        null
      ],
      "/Users/Guest/Desktop/daycare_hub/spec/models/user_spec.rb": [
        1,
        null,
        1,
        2,
        null
      ],
      "/Users/Guest/Desktop/daycare_hub/spec/views/home/index.html.erb_spec.rb": [
        1,
        null,
        1,
        null
      ]
    },
    "timestamp": 1449253681
  }
}
